{"total": {"lines":{"total":27,"covered":19,"skipped":0,"pct":70.37},"statements":{"total":28,"covered":20,"skipped":0,"pct":71.43},"functions":{"total":7,"covered":3,"skipped":0,"pct":42.86},"branches":{"total":8,"covered":8,"skipped":0,"pct":100}}
,"/Users/Danny/Repos/Treehouse/JS/Function Challenge/js/perimeter.js": {"lines":{"total":15,"covered":7,"skipped":0,"pct":46.67},"functions":{"total":5,"covered":1,"skipped":0,"pct":20},"statements":{"total":15,"covered":7,"skipped":0,"pct":46.67},"branches":{"total":8,"covered":8,"skipped":0,"pct":100}}
,"/Users/Danny/Repos/Treehouse/JS/Refactor/js/script.js": {"lines":{"total":12,"covered":12,"skipped":0,"pct":100},"functions":{"total":2,"covered":2,"skipped":0,"pct":100},"statements":{"total":13,"covered":13,"skipped":0,"pct":100},"branches":{"total":0,"covered":0,"skipped":0,"pct":100}}
}
