{"total": {"lines":{"total":34,"covered":26,"skipped":0,"pct":76.47},"statements":{"total":35,"covered":27,"skipped":0,"pct":77.14},"functions":{"total":8,"covered":4,"skipped":0,"pct":50},"branches":{"total":16,"covered":16,"skipped":0,"pct":100}}
,"/Users/Danny/Repos/Treehouse/JS/Function Challenge/js/perimeter.js": {"lines":{"total":15,"covered":7,"skipped":0,"pct":46.67},"functions":{"total":5,"covered":1,"skipped":0,"pct":20},"statements":{"total":15,"covered":7,"skipped":0,"pct":46.67},"branches":{"total":8,"covered":8,"skipped":0,"pct":100}}
,"/Users/Danny/Repos/Treehouse/JS/Refactor/js/script.js": {"lines":{"total":12,"covered":12,"skipped":0,"pct":100},"functions":{"total":2,"covered":2,"skipped":0,"pct":100},"statements":{"total":13,"covered":13,"skipped":0,"pct":100},"branches":{"total":0,"covered":0,"skipped":0,"pct":100}}
,"/Users/Danny/Repos/Treehouse/JS/functions/js/multiple-args.js": {"lines":{"total":7,"covered":7,"skipped":0,"pct":100},"functions":{"total":1,"covered":1,"skipped":0,"pct":100},"statements":{"total":7,"covered":7,"skipped":0,"pct":100},"branches":{"total":8,"covered":8,"skipped":0,"pct":100}}
}
